

2014-02-13 03:33:04.4	NUEVO ORIGEN - count_origin= 1
2014-02-13 03:33:04.4	Origen asociado: Origin#20140213033304.208771.168797
2014-02-13 03:33:04.4	Autor: scautoloc@geo1
2014-02-13 03:33:04.4	    CreationTime= 2014-02-13 03:33:04.2
2014-02-13 03:33:04.4	    Associated Phase Count= 7
2014-02-13 03:33:04.4	    Associated Station Count= 7
2014-02-13 03:33:04.8	count_origin= 1

2014-02-13 03:33:04.8	Target: Cadiz(36.32;-6.18)
2014-02-13 03:33:04.8	PGV: 0.00019598
2014-02-13 03:33:04.8	LeadTime: 421.008

2014-02-13 03:33:04.8	Target: Faro(37.03;-7.9167)
2014-02-13 03:33:04.8	PGV: 0.000212465
2014-02-13 03:33:04.8	LeadTime: 370.147

2014-02-13 03:33:04.8	Target: Huelva(37.16;-6.57)
2014-02-13 03:33:04.8	PGV: 0.00020201
2014-02-13 03:33:04.8	LeadTime: 401.509

2014-02-13 03:33:04.8	Target: Lisboa(38.71;-9.13)
2014-02-13 03:33:04.8	PGV: 0.000230291
2014-02-13 03:33:04.8	LeadTime: 322.811

2014-02-13 03:33:04.8	Target: Portimao(37.13;-8.53)
2014-02-13 03:33:04.8	PGV: 0.000218236
2014-02-13 03:33:04.8	LeadTime: 354.035

2014-02-13 03:33:04.8	Target: Sevilla(37.23;-5.59)
2014-02-13 03:33:04.8	PGV: 0.000194893
2014-02-13 03:33:04.8	LeadTime: 424.642

2014-02-13 03:33:04.9	ATENCIÓN!!! - EVENTO -gfz2014davm


2014-02-14 01:08:22.1	NUEVO ORIGEN - count_origin= 1
2014-02-14 01:08:22.1	Origen asociado: Origin#20140214010821.972318.176746
2014-02-14 01:08:22.1	Autor: scautoloc@geo1
2014-02-14 01:08:22.1	    CreationTime= 2014-02-14 01:08:21.9
2014-02-14 01:08:22.1	    Associated Phase Count= 7
2014-02-14 01:08:22.1	    Associated Station Count= 7
2014-02-14 01:08:22.5	count_origin= 1

2014-02-14 01:08:22.5	Target: Cadiz(36.32;-6.18)
2014-02-14 01:08:22.5	PGV: 0.0161138
2014-02-14 01:08:22.5	LeadTime: -47.165

2014-02-14 01:08:22.5	Target: Faro(37.03;-7.9167)
2014-02-14 01:08:22.5	PGV: 0.00129008
2014-02-14 01:08:22.5	LeadTime: 1.38841

2014-02-14 01:08:22.5	Target: Huelva(37.16;-6.57)
2014-02-14 01:08:22.5	PGV: 0.00218219
2014-02-14 01:08:22.5	LeadTime: -18.5413

2014-02-14 01:08:22.5	Target: Lisboa(38.71;-9.13)
2014-02-14 01:08:22.5	PGV: 0.0005502
2014-02-14 01:08:22.5	LeadTime: 60.6303

2014-02-14 01:08:22.5	Target: Portimao(37.13;-8.53)
2014-02-14 01:08:22.5	PGV: 0.000964124
2014-02-14 01:08:22.5	LeadTime: 16.9857

2014-02-14 01:08:22.5	Target: Sevilla(37.23;-5.59)
2014-02-14 01:08:22.5	PGV: 0.00196935
2014-02-14 01:08:22.5	LeadTime: -15.3238

2014-02-14 01:08:22.6	ATENCIÓN!!! - EVENTO -gfz2014dcmj


2014-02-14 01:10:44.9	NUEVO ORIGEN - count_origin= 1
2014-02-14 01:10:44.9	Origen asociado: Origin#20140214011044.525121.176835
2014-02-14 01:10:44.9	Autor: scautoloc@geo1
2014-02-14 01:10:44.9	    CreationTime= 2014-02-14 01:10:44.5
2014-02-14 01:10:44.9	    Associated Phase Count= 8
2014-02-14 01:10:44.9	    Associated Station Count= 8
2014-02-14 01:10:45.5	count_origin= 1

2014-02-14 01:10:45.5	Target: Cadiz(36.32;-6.18)
2014-02-14 01:10:45.5	PGV: 0.00246287
2014-02-14 01:10:45.5	LeadTime: -190.597

2014-02-14 01:10:45.5	Target: Faro(37.03;-7.9167)
2014-02-14 01:10:45.5	PGV: 0.000172236
2014-02-14 01:10:45.5	LeadTime: -141.672

2014-02-14 01:10:45.5	Target: Huelva(37.16;-6.57)
2014-02-14 01:10:45.5	PGV: 0.000296995
2014-02-14 01:10:45.5	LeadTime: -162.043

2014-02-14 01:10:45.5	Target: Lisboa(38.71;-9.13)
2014-02-14 01:10:45.5	PGV: 7.33346e-05
2014-02-14 01:10:45.5	LeadTime: -82.6477

2014-02-14 01:10:45.5	Target: Portimao(37.13;-8.53)
2014-02-14 01:10:45.5	PGV: 0.000128372
2014-02-14 01:10:45.5	LeadTime: -126.013

2014-02-14 01:10:45.5	Target: Sevilla(37.23;-5.59)
2014-02-14 01:10:45.5	PGV: 0.000268074
2014-02-14 01:10:45.5	LeadTime: -158.904


2014-02-14 11:55:29.9	NUEVO ORIGEN - count_origin= 1
2014-02-14 11:55:29.9	Origen asociado: Origin#20140214115446.400217.1886
2014-02-14 11:55:29.9	Autor: sysop@geo1
2014-02-14 11:55:29.9	    CreationTime= 2014-02-14 11:54:46.4
2014-02-14 11:55:29.9	    Associated Phase Count= 8
2014-02-14 11:55:29.9	    Associated Station Count= 8
2014-02-14 11:55:30.3	count_origin= 1

2014-02-14 11:55:30.3	Target: Cadiz(36.32;-6.18)
2014-02-14 11:55:30.3	PGV: 0.0048522
2014-02-14 11:55:30.3	LeadTime: -38875.4

2014-02-14 11:55:30.3	Target: Faro(37.03;-7.9167)
2014-02-14 11:55:30.3	PGV: 0.000339328
2014-02-14 11:55:30.3	LeadTime: -38826.4

2014-02-14 11:55:30.3	Target: Huelva(37.16;-6.57)
2014-02-14 11:55:30.3	PGV: 0.000585121
2014-02-14 11:55:30.3	LeadTime: -38846.8

2014-02-14 11:55:30.3	Target: Lisboa(38.71;-9.13)
2014-02-14 11:55:30.3	PGV: 0.00014448
2014-02-14 11:55:30.3	LeadTime: -38767.4

2014-02-14 11:55:30.3	Target: Portimao(37.13;-8.53)
2014-02-14 11:55:30.3	PGV: 0.00025291
2014-02-14 11:55:30.3	LeadTime: -38810.8

2014-02-14 11:55:30.3	Target: Sevilla(37.23;-5.59)
2014-02-14 11:55:30.3	PGV: 0.000528143
2014-02-14 11:55:30.3	LeadTime: -38843.7


2014-02-14 12:05:50.3	NUEVO ORIGEN - count_origin= 2
2014-02-14 12:05:50.3	Origen asociado: Origin#20140214120420.078351.1943
2014-02-14 12:05:50.3	Autor: sysop@geo1
2014-02-14 12:05:50.3	    CreationTime= 2014-02-14 12:04:20.0
2014-02-14 12:05:50.3	    Associated Phase Count= 7
2014-02-14 12:05:50.3	    Associated Station Count= 7
2014-02-14 12:05:50.6	count_origin= 2

2014-02-14 12:05:50.6	Target: Cadiz(36.32;-6.18)
2014-02-14 12:05:50.6	PGV: 0.00181778
2014-02-14 12:05:50.6	LeadTime: -39492.8

2014-02-14 12:05:50.6	Target: Faro(37.03;-7.9167)
2014-02-14 12:05:50.6	PGV: 0.000206493
2014-02-14 12:05:50.6	LeadTime: -39445.4

2014-02-14 12:05:50.6	Target: Huelva(37.16;-6.57)
2014-02-14 12:05:50.6	PGV: 0.000342191
2014-02-14 12:05:50.6	LeadTime: -39465.1

2014-02-14 12:05:50.6	Target: Lisboa(38.71;-9.13)
2014-02-14 12:05:50.6	PGV: 8.9354e-05
2014-02-14 12:05:50.6	LeadTime: -39386.1

2014-02-14 12:05:50.6	Target: Portimao(37.13;-8.53)
2014-02-14 12:05:50.6	PGV: 0.000155473
2014-02-14 12:05:50.6	LeadTime: -39429.8

2014-02-14 12:05:50.6	Target: Sevilla(37.23;-5.59)
2014-02-14 12:05:50.6	PGV: 0.000314866
2014-02-14 12:05:50.6	LeadTime: -39462.4


2014-02-14 12:09:10.8	NUEVO ORIGEN - count_origin= 3
2014-02-14 12:09:10.8	Origen asociado: Origin#20140214120845.795425.2019
2014-02-14 12:09:10.8	Autor: sysop@geo1
2014-02-14 12:09:10.8	    CreationTime= 2014-02-14 12:08:45.7
2014-02-14 12:09:10.8	    Associated Phase Count= 8
2014-02-14 12:09:10.8	    Associated Station Count= 7
2014-02-14 12:09:11.1	count_origin= 3

2014-02-14 12:09:11.1	Target: Cadiz(36.32;-6.18)
2014-02-14 12:09:11.1	PGV: 0.00177548
2014-02-14 12:09:11.1	LeadTime: -39693.3

2014-02-14 12:09:11.1	Target: Faro(37.03;-7.9167)
2014-02-14 12:09:11.1	PGV: 0.000201152
2014-02-14 12:09:11.1	LeadTime: -39645.8

2014-02-14 12:09:11.1	Target: Huelva(37.16;-6.57)
2014-02-14 12:09:11.1	PGV: 0.00033804
2014-02-14 12:09:11.1	LeadTime: -39666

2014-02-14 12:09:11.1	Target: Lisboa(38.71;-9.13)
2014-02-14 12:09:11.1	PGV: 8.72566e-05
2014-02-14 12:09:11.1	LeadTime: -39586.8

2014-02-14 12:09:11.1	Target: Portimao(37.13;-8.53)
2014-02-14 12:09:11.1	PGV: 0.000151336
2014-02-14 12:09:11.1	LeadTime: -39630.2

2014-02-14 12:09:11.1	Target: Sevilla(37.23;-5.59)
2014-02-14 12:09:11.1	PGV: 0.000313165
2014-02-14 12:09:11.1	LeadTime: -39663.6


2014-02-14 12:16:51.6	NUEVO ORIGEN - count_origin= 4
2014-02-14 12:16:51.6	Origen asociado: Origin#20140214121625.2261.2069
2014-02-14 12:16:51.6	Autor: sysop@geo1
2014-02-14 12:16:51.6	    CreationTime= 2014-02-14 12:16:25.2
2014-02-14 12:16:51.6	    Associated Phase Count= 9
2014-02-14 12:16:51.6	    Associated Station Count= 7
2014-02-14 12:16:51.8	count_origin= 4

2014-02-14 12:16:51.8	Target: Cadiz(36.32;-6.18)
2014-02-14 12:16:51.8	PGV: 0.00172259
2014-02-14 12:16:51.8	LeadTime: -40153.7

2014-02-14 12:16:51.8	Target: Faro(37.03;-7.9167)
2014-02-14 12:16:51.8	PGV: 0.000215827
2014-02-14 12:16:51.8	LeadTime: -40107.1

2014-02-14 12:16:51.8	Target: Huelva(37.16;-6.57)
2014-02-14 12:16:51.8	PGV: 0.00034884
2014-02-14 12:16:51.8	LeadTime: -40126

2014-02-14 12:16:51.8	Target: Lisboa(38.71;-9.13)
2014-02-14 12:16:51.8	PGV: 9.2995e-05
2014-02-14 12:16:51.8	LeadTime: -40047.5

2014-02-14 12:16:51.8	Target: Portimao(37.13;-8.53)
2014-02-14 12:16:51.8	PGV: 0.000162716
2014-02-14 12:16:51.8	LeadTime: -40091.7

2014-02-14 12:16:51.8	Target: Sevilla(37.23;-5.59)
2014-02-14 12:16:51.8	PGV: 0.000316745
2014-02-14 12:16:51.8	LeadTime: -40122.8


2014-02-15 17:05:32.6	NUEVO ORIGEN - count_origin= 5
2014-02-15 17:05:32.6	Origen asociado: Origin#20140215170532.500943.5892
2014-02-15 17:05:32.6	Autor: scautoloc@geo1
2014-02-15 17:05:32.6	    CreationTime= 2014-02-15 17:05:32.5
2014-02-15 17:05:32.6	    Associated Phase Count= 6
2014-02-15 17:05:32.6	    Associated Station Count= 6
2014-02-15 17:05:33.0	count_origin= 5

2014-02-15 17:05:33.0	Target: Cadiz(36.32;-6.18)
2014-02-15 17:05:33.0	PGV: 0.000756116
2014-02-15 17:05:33.0	LeadTime: 51.2042

2014-02-15 17:05:33.0	Target: Faro(37.03;-7.9167)
2014-02-15 17:05:33.0	PGV: 0.00199606
2014-02-15 17:05:33.0	LeadTime: 0.675247

2014-02-15 17:05:33.0	Target: Huelva(37.16;-6.57)
2014-02-15 17:05:33.0	PGV: 0.00103455
2014-02-15 17:05:33.0	LeadTime: 30.1071

2014-02-15 17:05:33.0	Target: Lisboa(38.71;-9.13)
2014-02-15 17:05:33.0	PGV: 0.00257825
2014-02-15 17:05:33.0	LeadTime: -6.97793

2014-02-15 17:05:33.0	Target: Portimao(37.13;-8.53)
2014-02-15 17:05:33.0	PGV: 0.00326536
2014-02-15 17:05:33.0	LeadTime: -12.6934

2014-02-15 17:05:33.0	Target: Sevilla(37.23;-5.59)
2014-02-15 17:05:33.0	PGV: 0.000727542
2014-02-15 17:05:33.0	LeadTime: 54.2106

2014-02-15 17:05:33.1	ATENCIÓN!!! - EVENTO -gfz2014dfnl


2014-02-15 17:05:36.5	NUEVO ORIGEN - count_origin= 1
2014-02-15 17:05:36.5	Origen asociado: Origin#20140215170536.27888.5915
2014-02-15 17:05:36.5	Autor: scautoloc@geo1
2014-02-15 17:05:36.5	    CreationTime= 2014-02-15 17:05:36.2
2014-02-15 17:05:36.5	    Associated Phase Count= 8
2014-02-15 17:05:36.5	    Associated Station Count= 8
2014-02-15 17:05:37.1	count_origin= 1

2014-02-15 17:05:37.1	Target: Cadiz(36.32;-6.18)
2014-02-15 17:05:37.1	PGV: 0.000621357
2014-02-15 17:05:37.1	LeadTime: 43.847

2014-02-15 17:05:37.1	Target: Faro(37.03;-7.9167)
2014-02-15 17:05:37.1	PGV: 0.00181417
2014-02-15 17:05:37.1	LeadTime: -4.52644

2014-02-15 17:05:37.1	Target: Huelva(37.16;-6.57)
2014-02-15 17:05:37.1	PGV: 0.000922241
2014-02-15 17:05:37.1	LeadTime: 20.7098

2014-02-15 17:05:37.1	Target: Lisboa(38.71;-9.13)
2014-02-15 17:05:37.1	PGV: 0.0018331
2014-02-15 17:05:37.1	LeadTime: -4.81084

2014-02-15 17:05:37.1	Target: Portimao(37.13;-8.53)
2014-02-15 17:05:37.1	PGV: 0.00260551
2014-02-15 17:05:37.1	LeadTime: -13.0798

2014-02-15 17:05:37.1	Target: Sevilla(37.23;-5.59)
2014-02-15 17:05:37.1	PGV: 0.000619303
2014-02-15 17:05:37.1	LeadTime: 44.0735


2014-02-15 17:05:40.8	NUEVO ORIGEN - count_origin= 2
2014-02-15 17:05:40.8	Origen asociado: Origin#20140215170540.546081.5930
2014-02-15 17:05:40.8	Autor: scautoloc@geo1
2014-02-15 17:05:40.8	    CreationTime= 2014-02-15 17:05:40.5
2014-02-15 17:05:40.8	    Associated Phase Count= 9
2014-02-15 17:05:40.8	    Associated Station Count= 9
2014-02-15 17:05:41.4	count_origin= 2

2014-02-15 17:05:41.4	Target: Cadiz(36.32;-6.18)
2014-02-15 17:05:41.4	PGV: 0.000608759
2014-02-15 17:05:41.4	LeadTime: 40.1809

2014-02-15 17:05:41.4	Target: Faro(37.03;-7.9167)
2014-02-15 17:05:41.4	PGV: 0.00176619
2014-02-15 17:05:41.4	LeadTime: -8.38331

2014-02-15 17:05:41.4	Target: Huelva(37.16;-6.57)
2014-02-15 17:05:41.4	PGV: 0.000898266
2014-02-15 17:05:41.4	LeadTime: 17.1608

2014-02-15 17:05:41.4	Target: Lisboa(38.71;-9.13)
2014-02-15 17:05:41.4	PGV: 0.00183155
2014-02-15 17:05:41.4	LeadTime: -9.37993

2014-02-15 17:05:41.4	Target: Portimao(37.13;-8.53)
2014-02-15 17:05:41.4	PGV: 0.00257111
2014-02-15 17:05:41.4	LeadTime: -17.3227

2014-02-15 17:05:41.4	Target: Sevilla(37.23;-5.59)
2014-02-15 17:05:41.4	PGV: 0.000605383
2014-02-15 17:05:41.4	LeadTime: 40.5687


2014-02-16 08:56:27.1	NUEVO ORIGEN - count_origin= 3
2014-02-16 08:56:27.1	Origen asociado: Origin#20140216085627.006846.9750
2014-02-16 08:56:27.1	Autor: scautoloc@geo1
2014-02-16 08:56:27.1	    CreationTime= 2014-02-16 08:56:27.0
2014-02-16 08:56:27.1	    Associated Phase Count= 6
2014-02-16 08:56:27.1	    Associated Station Count= 6
2014-02-16 08:56:27.5	count_origin= 3

2014-02-16 08:56:27.5	Target: Cadiz(36.32;-6.18)
2014-02-16 08:56:27.5	PGV: 0.00609205
2014-02-16 08:56:27.5	LeadTime: -14.7367

2014-02-16 08:56:27.5	Target: Faro(37.03;-7.9167)
2014-02-16 08:56:27.5	PGV: 0.00676558
2014-02-16 08:56:27.5	LeadTime: -17.464

2014-02-16 08:56:27.5	Target: Huelva(37.16;-6.57)
2014-02-16 08:56:27.5	PGV: 0.0053926
2014-02-16 08:56:27.5	LeadTime: -11.2398

2014-02-16 08:56:27.5	Target: Lisboa(38.71;-9.13)
2014-02-16 08:56:27.5	PGV: 0.00177598
2014-02-16 08:56:27.5	LeadTime: 44.9239

2014-02-16 08:56:27.5	Target: Portimao(37.13;-8.53)
2014-02-16 08:56:27.5	PGV: 0.00441551
2014-02-16 08:56:27.5	LeadTime: -4.65197

2014-02-16 08:56:27.5	Target: Sevilla(37.23;-5.59)
2014-02-16 08:56:27.5	PGV: 0.00317987
2014-02-16 08:56:27.5	LeadTime: 8.95395

2014-02-16 08:56:27.6	ATENCIÓN!!! - EVENTO -gfz2014dgsv


2014-02-16 08:56:35.9	NUEVO ORIGEN - count_origin= 1
2014-02-16 08:56:35.9	Origen asociado: Origin#20140216085635.75643.9759
2014-02-16 08:56:35.9	Autor: scautoloc@geo1
2014-02-16 08:56:35.9	    CreationTime= 2014-02-16 08:56:35.7
2014-02-16 08:56:35.9	    Associated Phase Count= 7
2014-02-16 08:56:35.9	    Associated Station Count= 7
2014-02-16 08:56:36.3	count_origin= 1

2014-02-16 08:56:36.3	Target: Cadiz(36.32;-6.18)
2014-02-16 08:56:36.3	PGV: 0.00630539
2014-02-16 08:56:36.3	LeadTime: -19.1343

2014-02-16 08:56:36.3	Target: Faro(37.03;-7.9167)
2014-02-16 08:56:36.3	PGV: 0.00726609
2014-02-16 08:56:36.3	LeadTime: -23.1495

2014-02-16 08:56:36.3	Target: Huelva(37.16;-6.57)
2014-02-16 08:56:36.3	PGV: 0.00593976
2014-02-16 08:56:36.3	LeadTime: -17.2912

2014-02-16 08:56:36.3	Target: Lisboa(38.71;-9.13)
2014-02-16 08:56:36.3	PGV: 0.00207847
2014-02-16 08:56:36.3	LeadTime: 36.7151

2014-02-16 08:56:36.3	Target: Portimao(37.13;-8.53)
2014-02-16 08:56:36.3	PGV: 0.00496518
2014-02-16 08:56:36.3	LeadTime: -11.1569

2014-02-16 08:56:36.3	Target: Sevilla(37.23;-5.59)
2014-02-16 08:56:36.3	PGV: 0.00361601
2014-02-16 08:56:36.3	LeadTime: 2.30634


2014-02-16 08:56:42.5	NUEVO ORIGEN - count_origin= 2
2014-02-16 08:56:42.5	Origen asociado: Origin#20140216085642.172062.9775
2014-02-16 08:56:42.5	Autor: scautoloc@geo1
2014-02-16 08:56:42.5	    CreationTime= 2014-02-16 08:56:42.1
2014-02-16 08:56:42.5	    Associated Phase Count= 9
2014-02-16 08:56:42.5	    Associated Station Count= 9
2014-02-16 08:56:43.0	count_origin= 2

2014-02-16 08:56:43.0	Target: Cadiz(36.32;-6.18)
2014-02-16 08:56:43.0	PGV: 0.00510765
2014-02-16 08:56:43.0	LeadTime: -26.8862

2014-02-16 08:56:43.0	Target: Faro(37.03;-7.9167)
2014-02-16 08:56:43.0	PGV: 0.00764489
2014-02-16 08:56:43.0	LeadTime: -36.1575

2014-02-16 08:56:43.0	Target: Huelva(37.16;-6.57)
2014-02-16 08:56:43.0	PGV: 0.00614645
2014-02-16 08:56:43.0	LeadTime: -31.5425

2014-02-16 08:56:43.0	Target: Lisboa(38.71;-9.13)
2014-02-16 08:56:43.0	PGV: 0.00164868
2014-02-16 08:56:43.0	LeadTime: 25.1329

2014-02-16 08:56:43.0	Target: Portimao(37.13;-8.53)
2014-02-16 08:56:43.0	PGV: 0.00424078
2014-02-16 08:56:43.0	LeadTime: -21.3995

2014-02-16 08:56:43.0	Target: Sevilla(37.23;-5.59)
2014-02-16 08:56:43.0	PGV: 0.00304235
2014-02-16 08:56:43.0	LeadTime: -9.12794


2014-02-16 08:57:07.7	NUEVO ORIGEN - count_origin= 3
2014-02-16 08:57:07.7	Origen asociado: Origin#20140216085707.446456.9796
2014-02-16 08:57:07.7	Autor: scautoloc@geo1
2014-02-16 08:57:07.7	    CreationTime= 2014-02-16 08:57:07.4
2014-02-16 08:57:07.7	    Associated Phase Count= 10
2014-02-16 08:57:07.7	    Associated Station Count= 10
2014-02-16 08:57:08.5	count_origin= 3

2014-02-16 08:57:08.5	Target: Cadiz(36.32;-6.18)
2014-02-16 08:57:08.5	PGV: 0.00580861
2014-02-16 08:57:08.5	LeadTime: -52.3622

2014-02-16 08:57:08.5	Target: Faro(37.03;-7.9167)
2014-02-16 08:57:08.5	PGV: 0.0086975
2014-02-16 08:57:08.5	LeadTime: -61.6628

2014-02-16 08:57:08.5	Target: Huelva(37.16;-6.57)
2014-02-16 08:57:08.5	PGV: 0.00693128
2014-02-16 08:57:08.5	LeadTime: -56.8326

2014-02-16 08:57:08.5	Target: Lisboa(38.71;-9.13)
2014-02-16 08:57:08.5	PGV: 0.00187719
2014-02-16 08:57:08.5	LeadTime: -0.307839

2014-02-16 08:57:08.5	Target: Portimao(37.13;-8.53)
2014-02-16 08:57:08.5	PGV: 0.00483806
2014-02-16 08:57:08.5	LeadTime: -46.9638

2014-02-16 08:57:08.5	Target: Sevilla(37.23;-5.59)
2014-02-16 08:57:08.5	PGV: 0.0034507
2014-02-16 08:57:08.5	LeadTime: -34.4492


2014-02-17 02:39:54.9	NUEVO ORIGEN - count_origin= 4
2014-02-17 02:39:54.9	Origen asociado: Origin#20140217023954.809531.13965
2014-02-17 02:39:54.9	Autor: scautoloc@geo1
2014-02-17 02:39:54.9	    CreationTime= 2014-02-17 02:39:54.8
2014-02-17 02:39:54.9	    Associated Phase Count= 4
2014-02-17 02:39:54.9	    Associated Station Count= 4
2014-02-17 02:39:55.1	count_origin= 4

2014-02-17 02:39:55.1	Target: Cadiz(36.32;-6.18)
2014-02-17 02:39:55.1	PGV: 0.00119578
2014-02-17 02:39:55.1	LeadTime: 59.0967

2014-02-17 02:39:55.1	Target: Faro(37.03;-7.9167)
2014-02-17 02:39:55.1	PGV: 0.00201667
2014-02-17 02:39:55.1	LeadTime: 18.3916

2014-02-17 02:39:55.1	Target: Huelva(37.16;-6.57)
2014-02-17 02:39:55.1	PGV: 0.00127582
2014-02-17 02:39:55.1	LeadTime: 53.0035

2014-02-17 02:39:55.1	Target: Lisboa(38.71;-9.13)
2014-02-17 02:39:55.1	PGV: 0.00156765
2014-02-17 02:39:55.1	LeadTime: 35.7395

2014-02-17 02:39:55.1	Target: Portimao(37.13;-8.53)
2014-02-17 02:39:55.1	PGV: 0.0025409
2014-02-17 02:39:55.1	LeadTime: 5.4645

2014-02-17 02:39:55.1	Target: Sevilla(37.23;-5.59)
2014-02-17 02:39:55.1	PGV: 0.000995841
2014-02-17 02:39:55.1	LeadTime: 78.2559

2014-02-17 02:39:55.2	ATENCIÓN!!! - EVENTO -gfz2014dibx


2014-02-17 02:40:00.5	NUEVO ORIGEN - count_origin= 1
2014-02-17 02:40:00.5	Origen asociado: Origin#20140217024000.412398.13983
2014-02-17 02:40:00.5	Autor: scautoloc@geo1
2014-02-17 02:40:00.5	    CreationTime= 2014-02-17 02:40:00.4
2014-02-17 02:40:00.5	    Associated Phase Count= 5
2014-02-17 02:40:00.5	    Associated Station Count= 5
2014-02-17 02:40:00.9	count_origin= 1

2014-02-17 02:40:00.9	Target: Cadiz(36.32;-6.18)
2014-02-17 02:40:00.9	PGV: 0.000815299
2014-02-17 02:40:00.9	LeadTime: 54.2233

2014-02-17 02:40:00.9	Target: Faro(37.03;-7.9167)
2014-02-17 02:40:00.9	PGV: 0.00136926
2014-02-17 02:40:00.9	LeadTime: 13.3072

2014-02-17 02:40:00.9	Target: Huelva(37.16;-6.57)
2014-02-17 02:40:00.9	PGV: 0.0008706
2014-02-17 02:40:00.9	LeadTime: 47.9814

2014-02-17 02:40:00.9	Target: Lisboa(38.71;-9.13)
2014-02-17 02:40:00.9	PGV: 0.00108037
2014-02-17 02:40:00.9	LeadTime: 29.7675

2014-02-17 02:40:00.9	Target: Portimao(37.13;-8.53)
2014-02-17 02:40:00.9	PGV: 0.00172314
2014-02-17 02:40:00.9	LeadTime: 0.244496

2014-02-17 02:40:00.9	Target: Sevilla(37.23;-5.59)
2014-02-17 02:40:00.9	PGV: 0.000681029
2014-02-17 02:40:00.9	LeadTime: 73.2588


2014-02-17 02:40:05.8	NUEVO ORIGEN - count_origin= 2
2014-02-17 02:40:05.8	Origen asociado: Origin#20140217024005.475142.14003
2014-02-17 02:40:05.8	Autor: scautoloc@geo1
2014-02-17 02:40:05.8	    CreationTime= 2014-02-17 02:40:05.4
2014-02-17 02:40:05.8	    Associated Phase Count= 7
2014-02-17 02:40:05.8	    Associated Station Count= 7
2014-02-17 02:40:06.3	count_origin= 2

2014-02-17 02:40:06.3	Target: Cadiz(36.32;-6.18)
2014-02-17 02:40:06.3	PGV: 0.000736864
2014-02-17 02:40:06.3	LeadTime: 46.8961

2014-02-17 02:40:06.3	Target: Faro(37.03;-7.9167)
2014-02-17 02:40:06.3	PGV: 0.00135504
2014-02-17 02:40:06.3	LeadTime: 3.42261

2014-02-17 02:40:06.3	Target: Huelva(37.16;-6.57)
2014-02-17 02:40:06.3	PGV: 0.000810488
2014-02-17 02:40:06.3	LeadTime: 38.5128

2014-02-17 02:40:06.3	Target: Lisboa(38.71;-9.13)
2014-02-17 02:40:06.3	PGV: 0.00105676
2014-02-17 02:40:06.3	LeadTime: 18.4732

2014-02-17 02:40:06.3	Target: Portimao(37.13;-8.53)
2014-02-17 02:40:06.3	PGV: 0.0018083
2014-02-17 02:40:06.3	LeadTime: -10.4522

2014-02-17 02:40:06.3	Target: Sevilla(37.23;-5.59)
2014-02-17 02:40:06.3	PGV: 0.000619857
2014-02-17 02:40:06.3	LeadTime: 63.9884


2014-02-17 02:40:11.1	NUEVO ORIGEN - count_origin= 3
2014-02-17 02:40:11.1	Origen asociado: Origin#20140217024010.821537.14016
2014-02-17 02:40:11.1	Autor: scautoloc@geo1
2014-02-17 02:40:11.1	    CreationTime= 2014-02-17 02:40:10.8
2014-02-17 02:40:11.1	    Associated Phase Count= 8
2014-02-17 02:40:11.1	    Associated Station Count= 8
2014-02-17 02:40:11.7	count_origin= 3

2014-02-17 02:40:11.7	Target: Cadiz(36.32;-6.18)
2014-02-17 02:40:11.7	PGV: 0.000857161
2014-02-17 02:40:11.7	LeadTime: 41.9425

2014-02-17 02:40:11.7	Target: Faro(37.03;-7.9167)
2014-02-17 02:40:11.7	PGV: 0.00154654
2014-02-17 02:40:11.7	LeadTime: -1.01665

2014-02-17 02:40:11.7	Target: Huelva(37.16;-6.57)
2014-02-17 02:40:11.7	PGV: 0.000936835
2014-02-17 02:40:11.7	LeadTime: 33.9997

2014-02-17 02:40:11.7	Target: Lisboa(38.71;-9.13)
2014-02-17 02:40:11.7	PGV: 0.00120826
2014-02-17 02:40:11.7	LeadTime: 14.349

2014-02-17 02:40:11.7	Target: Portimao(37.13;-8.53)
2014-02-17 02:40:11.7	PGV: 0.00203684
2014-02-17 02:40:11.7	LeadTime: -14.718

2014-02-17 02:40:11.7	Target: Sevilla(37.23;-5.59)
2014-02-17 02:40:11.7	PGV: 0.00071976
2014-02-17 02:40:11.7	LeadTime: 59.4407


2014-02-17 02:40:16.9	NUEVO ORIGEN - count_origin= 4
2014-02-17 02:40:16.9	Origen asociado: Origin#20140217024016.635318.14040
2014-02-17 02:40:16.9	Autor: scautoloc@geo1
2014-02-17 02:40:16.9	    CreationTime= 2014-02-17 02:40:16.6
2014-02-17 02:40:16.9	    Associated Phase Count= 10
2014-02-17 02:40:16.9	    Associated Station Count= 10
2014-02-17 02:40:17.5	count_origin= 4

2014-02-17 02:40:17.5	Target: Cadiz(36.32;-6.18)
2014-02-17 02:40:17.5	PGV: 0.0010345
2014-02-17 02:40:17.5	LeadTime: 34.5159

2014-02-17 02:40:17.5	Target: Faro(37.03;-7.9167)
2014-02-17 02:40:17.5	PGV: 0.00195619
2014-02-17 02:40:17.5	LeadTime: -9.41111

2014-02-17 02:40:17.5	Target: Huelva(37.16;-6.57)
2014-02-17 02:40:17.5	PGV: 0.00114618
2014-02-17 02:40:17.5	LeadTime: 25.7281

2014-02-17 02:40:17.5	Target: Lisboa(38.71;-9.13)
2014-02-17 02:40:17.5	PGV: 0.00149923
2014-02-17 02:40:17.5	LeadTime: 6.06742

2014-02-17 02:40:17.5	Target: Portimao(37.13;-8.53)
2014-02-17 02:40:17.5	PGV: 0.00265975
2014-02-17 02:40:17.5	LeadTime: -23.3913

2014-02-17 02:40:17.5	Target: Sevilla(37.23;-5.59)
2014-02-17 02:40:17.5	PGV: 0.000870095
2014-02-17 02:40:17.5	LeadTime: 51.2279


2014-02-17 02:40:22.3	NUEVO ORIGEN - count_origin= 5
2014-02-17 02:40:22.3	Origen asociado: Origin#20140217024022.027584.14065
2014-02-17 02:40:22.3	Autor: scautoloc@geo1
2014-02-17 02:40:22.3	    CreationTime= 2014-02-17 02:40:22.0
2014-02-17 02:40:22.3	    Associated Phase Count= 12
2014-02-17 02:40:22.3	    Associated Station Count= 12
2014-02-17 02:40:22.9	count_origin= 5

2014-02-17 02:40:22.9	Target: Cadiz(36.32;-6.18)
2014-02-17 02:40:22.9	PGV: 0.00115087
2014-02-17 02:40:22.9	LeadTime: 28.2278

2014-02-17 02:40:22.9	Target: Faro(37.03;-7.9167)
2014-02-17 02:40:22.9	PGV: 0.0021962
2014-02-17 02:40:22.9	LeadTime: -15.6551

2014-02-17 02:40:22.9	Target: Huelva(37.16;-6.57)
2014-02-17 02:40:22.9	PGV: 0.00127628
2014-02-17 02:40:22.9	LeadTime: 19.4681

2014-02-17 02:40:22.9	Target: Lisboa(38.71;-9.13)
2014-02-17 02:40:22.9	PGV: 0.0016559
2014-02-17 02:40:22.9	LeadTime: 0.574314

2014-02-17 02:40:22.9	Target: Portimao(37.13;-8.53)
2014-02-17 02:40:22.9	PGV: 0.00300155
2014-02-17 02:40:22.9	LeadTime: -29.5663

2014-02-17 02:40:22.9	Target: Sevilla(37.23;-5.59)
2014-02-17 02:40:22.9	PGV: 0.000965941
2014-02-17 02:40:22.9	LeadTime: 44.9619


2014-02-17 02:40:31.0	NUEVO ORIGEN - count_origin= 6
2014-02-17 02:40:31.0	Origen asociado: Origin#20140217024030.623175.14079
2014-02-17 02:40:31.0	Autor: scautoloc@geo1
2014-02-17 02:40:31.0	    CreationTime= 2014-02-17 02:40:30.6
2014-02-17 02:40:31.0	    Associated Phase Count= 13
2014-02-17 02:40:31.0	    Associated Station Count= 13
2014-02-17 02:40:31.8	count_origin= 6

2014-02-17 02:40:31.8	Target: Cadiz(36.32;-6.18)
2014-02-17 02:40:31.8	PGV: 0.00103183
2014-02-17 02:40:31.8	LeadTime: 19.2195

2014-02-17 02:40:31.8	Target: Faro(37.03;-7.9167)
2014-02-17 02:40:31.8	PGV: 0.00197235
2014-02-17 02:40:31.8	LeadTime: -24.6734

2014-02-17 02:40:31.8	Target: Huelva(37.16;-6.57)
2014-02-17 02:40:31.8	PGV: 0.00114462
2014-02-17 02:40:31.8	LeadTime: 10.4498

2014-02-17 02:40:31.8	Target: Lisboa(38.71;-9.13)
2014-02-17 02:40:31.8	PGV: 0.00148411
2014-02-17 02:40:31.8	LeadTime: -8.36428

2014-02-17 02:40:31.8	Target: Portimao(37.13;-8.53)
2014-02-17 02:40:31.8	PGV: 0.00269849
2014-02-17 02:40:31.8	LeadTime: -38.5817

2014-02-17 02:40:31.8	Target: Sevilla(37.23;-5.59)
2014-02-17 02:40:31.8	PGV: 0.000865866
2014-02-17 02:40:31.8	LeadTime: 35.9439


2014-02-17 02:40:42.4	NUEVO ORIGEN - count_origin= 7
2014-02-17 02:40:42.4	Origen asociado: Origin#20140217024042.029784.14096
2014-02-17 02:40:42.4	Autor: scautoloc@geo1
2014-02-17 02:40:42.4	    CreationTime= 2014-02-17 02:40:42.0
2014-02-17 02:40:42.4	    Associated Phase Count= 14
2014-02-17 02:40:42.4	    Associated Station Count= 14
2014-02-17 02:40:43.3	count_origin= 7

2014-02-17 02:40:43.3	Target: Cadiz(36.32;-6.18)
2014-02-17 02:40:43.3	PGV: 0.00102033
2014-02-17 02:40:43.3	LeadTime: 11.4354

2014-02-17 02:40:43.3	Target: Faro(37.03;-7.9167)
2014-02-17 02:40:43.3	PGV: 0.00182653
2014-02-17 02:40:43.3	LeadTime: -31.69

2014-02-17 02:40:43.3	Target: Huelva(37.16;-6.57)
2014-02-17 02:40:43.3	PGV: 0.00111532
2014-02-17 02:40:43.3	LeadTime: 3.3669

2014-02-17 02:40:43.3	Target: Lisboa(38.71;-9.13)
2014-02-17 02:40:43.3	PGV: 0.00145552
2014-02-17 02:40:43.3	LeadTime: -17.3836

2014-02-17 02:40:43.3	Target: Portimao(37.13;-8.53)
2014-02-17 02:40:43.3	PGV: 0.00239693
2014-02-17 02:40:43.3	LeadTime: -45.5186

2014-02-17 02:40:43.3	Target: Sevilla(37.23;-5.59)
2014-02-17 02:40:43.3	PGV: 0.000859587
2014-02-17 02:40:43.3	LeadTime: 28.8241


2014-02-17 02:40:53.0	NUEVO ORIGEN - count_origin= 8
2014-02-17 02:40:53.0	Origen asociado: Origin#20140217024052.628689.14111
2014-02-17 02:40:53.0	Autor: scautoloc@geo1
2014-02-17 02:40:53.0	    CreationTime= 2014-02-17 02:40:52.6
2014-02-17 02:40:53.0	    Associated Phase Count= 15
2014-02-17 02:40:53.0	    Associated Station Count= 15
2014-02-17 02:40:53.7	count_origin= 8

2014-02-17 02:40:53.7	Target: Cadiz(36.32;-6.18)
2014-02-17 02:40:53.7	PGV: 0.00102071
2014-02-17 02:40:53.7	LeadTime: 0.904292

2014-02-17 02:40:53.7	Target: Faro(37.03;-7.9167)
2014-02-17 02:40:53.7	PGV: 0.00182795
2014-02-17 02:40:53.7	LeadTime: -42.1934

2014-02-17 02:40:53.7	Target: Huelva(37.16;-6.57)
2014-02-17 02:40:53.7	PGV: 0.00111558
2014-02-17 02:40:53.7	LeadTime: -7.14208

2014-02-17 02:40:53.7	Target: Lisboa(38.71;-9.13)
2014-02-17 02:40:53.7	PGV: 0.00145377
2014-02-17 02:40:53.7	LeadTime: -27.7716

2014-02-17 02:40:53.7	Target: Portimao(37.13;-8.53)
2014-02-17 02:40:53.7	PGV: 0.00239907
2014-02-17 02:40:53.7	LeadTime: -56.0056

2014-02-17 02:40:53.7	Target: Sevilla(37.23;-5.59)
2014-02-17 02:40:53.7	PGV: 0.00085959
2014-02-17 02:40:53.7	LeadTime: 18.3128


2014-02-17 02:43:56.5	NUEVO ORIGEN - count_origin= 9
2014-02-17 02:43:56.5	Origen asociado: Origin#20140217024356.05775.14181
2014-02-17 02:43:56.5	Autor: scautoloc@geo1
2014-02-17 02:43:56.5	    CreationTime= 2014-02-17 02:43:56.0
2014-02-17 02:43:56.5	    Associated Phase Count= 16
2014-02-17 02:43:56.5	    Associated Station Count= 16
2014-02-17 02:43:58.5	count_origin= 9

2014-02-17 02:43:58.5	Target: Cadiz(36.32;-6.18)
2014-02-17 02:43:58.5	PGV: 0.000579713
2014-02-17 02:43:58.5	LeadTime: -184.018

2014-02-17 02:43:58.5	Target: Faro(37.03;-7.9167)
2014-02-17 02:43:58.5	PGV: 0.00104011
2014-02-17 02:43:58.5	LeadTime: -227.122

2014-02-17 02:43:58.5	Target: Huelva(37.16;-6.57)
2014-02-17 02:43:58.5	PGV: 0.000633781
2014-02-17 02:43:58.5	LeadTime: -192.071

2014-02-17 02:43:58.5	Target: Lisboa(38.71;-9.13)
2014-02-17 02:43:58.5	PGV: 0.000825239
2014-02-17 02:43:58.5	LeadTime: -212.592

2014-02-17 02:43:58.5	Target: Portimao(37.13;-8.53)
2014-02-17 02:43:58.5	PGV: 0.0013665
2014-02-17 02:43:58.5	LeadTime: -240.928

2014-02-17 02:43:58.5	Target: Sevilla(37.23;-5.59)
2014-02-17 02:43:58.5	PGV: 0.00048806
2014-02-17 02:43:58.5	LeadTime: -166.617
